<?xml version="1.0" encoding="UTF-8"?>
<!-- Generated by org.testng.reporters.JUnitReportReporter -->
<testsuite skipped="0" hostname="DESKTOP-77T8OHD" name="com.xcart.testsuit.TopMenuTest" tests="1" failures="0" timestamp="29 Nov 2021 19:23:31 GMT" time="12.323" errors="0">
  <testcase name="varifyProdcutArrangeInAlphaBaticalOrder" time="12.323" classname="com.xcart.testsuit.TopMenuTest"/>
</testsuite> <!-- com.xcart.testsuit.TopMenuTest -->
