<?xml version="1.0" encoding="UTF-8"?>
<!-- Generated by org.testng.reporters.JUnitReportReporter -->
<testsuite skipped="0" hostname="DESKTOP-77T8OHD" name="com.xcart.AppTest" tests="1" failures="0" timestamp="29 Nov 2021 19:23:32 GMT" time="0.010" errors="0">
  <testcase name="shouldAnswerWithTrue" time="0.010" classname="com.xcart.AppTest"/>
</testsuite> <!-- com.xcart.AppTest -->
